<?xml version="1.0" encoding="UTF-8"?>
<!-- Generated by org.testng.reporters.JUnitReportReporter -->
<testsuite skipped="0" hostname="black-computer" name="com.helospark.sparktemplatingplugin.ui.editor.completition.chain.sourceprocessor.NoSourceCleaningSourceProcessorTest" tests="8" failures="0" timestamp="29 Mar 2017 19:22:20 GMT" time="0.027" errors="0">
  <testcase name="testSimple" time="0.004" classname="com.helospark.sparktemplatingplugin.ui.editor.completition.chain.sourceprocessor.NoSourceCleaningSourceProcessorTest"/>
  <testcase name="testSimple" time="0.003" classname="com.helospark.sparktemplatingplugin.ui.editor.completition.chain.sourceprocessor.NoSourceCleaningSourceProcessorTest"/>
  <testcase name="testSimple" time="0.004" classname="com.helospark.sparktemplatingplugin.ui.editor.completition.chain.sourceprocessor.NoSourceCleaningSourceProcessorTest"/>
  <testcase name="testSimple" time="0.002" classname="com.helospark.sparktemplatingplugin.ui.editor.completition.chain.sourceprocessor.NoSourceCleaningSourceProcessorTest"/>
  <testcase name="testSimple" time="0.003" classname="com.helospark.sparktemplatingplugin.ui.editor.completition.chain.sourceprocessor.NoSourceCleaningSourceProcessorTest"/>
  <testcase name="testSimple" time="0.003" classname="com.helospark.sparktemplatingplugin.ui.editor.completition.chain.sourceprocessor.NoSourceCleaningSourceProcessorTest"/>
  <testcase name="testSimple" time="0.004" classname="com.helospark.sparktemplatingplugin.ui.editor.completition.chain.sourceprocessor.NoSourceCleaningSourceProcessorTest"/>
  <testcase name="testSimple" time="0.004" classname="com.helospark.sparktemplatingplugin.ui.editor.completition.chain.sourceprocessor.NoSourceCleaningSourceProcessorTest"/>
</testsuite> <!-- com.helospark.sparktemplatingplugin.ui.editor.completition.chain.sourceprocessor.NoSourceCleaningSourceProcessorTest -->
