<?xml version="1.0" encoding="UTF-8"?>
<!-- Generated by org.testng.reporters.JUnitReportReporter -->
<testsuite skipped="0" hostname="black-computer" name="com.helospark.sparktemplatingplugin.ui.editor.completition.chain.sourceprocessor.InnerBlockRemoverSourceProcessorTest" tests="2" failures="0" timestamp="29 Mar 2017 19:22:20 GMT" time="0.036" errors="0">
  <testcase name="testSimple" time="0.021" classname="com.helospark.sparktemplatingplugin.ui.editor.completition.chain.sourceprocessor.InnerBlockRemoverSourceProcessorTest"/>
  <testcase name="testSimple" time="0.015" classname="com.helospark.sparktemplatingplugin.ui.editor.completition.chain.sourceprocessor.InnerBlockRemoverSourceProcessorTest"/>
</testsuite> <!-- com.helospark.sparktemplatingplugin.ui.editor.completition.chain.sourceprocessor.InnerBlockRemoverSourceProcessorTest -->
