<?xml version="1.0" encoding="UTF-8"?>
<!-- Generated by org.testng.reporters.JUnitReportReporter -->
<testsuite skipped="0" hostname="black-computer" name="com.helospark.SparkTemplatingPlugin.integration.execution.SimpleInlineProgramExecutionIT" tests="12" failures="0" timestamp="29 Mar 2017 19:22:20 GMT" time="0.954" errors="0">
  <testcase name="testSimpleStringProgramWithExpectedResult" time="0.069" classname="com.helospark.SparkTemplatingPlugin.integration.execution.SimpleInlineProgramExecutionIT"/>
  <testcase name="testSimpleStringProgramWithExpectedResult" time="0.047" classname="com.helospark.SparkTemplatingPlugin.integration.execution.SimpleInlineProgramExecutionIT"/>
  <testcase name="testSimpleStringProgramWithExpectedResult" time="0.069" classname="com.helospark.SparkTemplatingPlugin.integration.execution.SimpleInlineProgramExecutionIT"/>
  <testcase name="testSimpleStringProgramWithExpectedResult" time="0.130" classname="com.helospark.SparkTemplatingPlugin.integration.execution.SimpleInlineProgramExecutionIT"/>
  <testcase name="testSimpleStringProgramWithExpectedResult" time="0.051" classname="com.helospark.SparkTemplatingPlugin.integration.execution.SimpleInlineProgramExecutionIT"/>
  <testcase name="testSimpleStringProgramWithExpectedResult" time="0.039" classname="com.helospark.SparkTemplatingPlugin.integration.execution.SimpleInlineProgramExecutionIT"/>
  <testcase name="testSimpleStringProgramWithExpectedResult" time="0.054" classname="com.helospark.SparkTemplatingPlugin.integration.execution.SimpleInlineProgramExecutionIT"/>
  <testcase name="testSimpleStringProgramWithExpectedResult" time="0.050" classname="com.helospark.SparkTemplatingPlugin.integration.execution.SimpleInlineProgramExecutionIT"/>
  <testcase name="testSimpleStringProgramWithExpectedResult" time="0.033" classname="com.helospark.SparkTemplatingPlugin.integration.execution.SimpleInlineProgramExecutionIT"/>
  <testcase name="testSimpleStringProgramWithExpectedResult" time="0.142" classname="com.helospark.SparkTemplatingPlugin.integration.execution.SimpleInlineProgramExecutionIT"/>
  <testcase name="testSimpleStringProgramWithExpectedResult" time="0.056" classname="com.helospark.SparkTemplatingPlugin.integration.execution.SimpleInlineProgramExecutionIT"/>
  <testcase name="testSimpleStringProgramWithExpectedResult" time="0.214" classname="com.helospark.SparkTemplatingPlugin.integration.execution.SimpleInlineProgramExecutionIT"/>
</testsuite> <!-- com.helospark.SparkTemplatingPlugin.integration.execution.SimpleInlineProgramExecutionIT -->
