<?xml version="1.0" encoding="UTF-8"?>
<!-- Generated by org.testng.reporters.JUnitReportReporter -->
<testsuite skipped="0" hostname="helospark.com" name="com.helospark.SparkTemplatingPlugin.integration.completition.ContentAssistTest" tests="20" failures="0" timestamp="04 Mar 2017 12:21:40 GMT" time="2.325" errors="0">
  <testcase name="testFailedContentAssistAtEndOfUserTypeStringShouldNotShowGivenSuggestion" time="0.011" classname="com.helospark.SparkTemplatingPlugin.integration.completition.ContentAssistTest"/>
  <testcase name="testSuccesfulContentAssistAtEndOfUserTypeString" time="0.022" classname="com.helospark.SparkTemplatingPlugin.integration.completition.ContentAssistTest"/>
  <testcase name="testSuccesfulContentAssistAtEndOfUserTypeString" time="0.004" classname="com.helospark.SparkTemplatingPlugin.integration.completition.ContentAssistTest"/>
  <testcase name="testFailedContentAssistAtEndOfUserTypeStringShouldNotShowGivenSuggestion" time="0.017" classname="com.helospark.SparkTemplatingPlugin.integration.completition.ContentAssistTest"/>
  <testcase name="testSuccesfulContentAssistAtEndOfUserTypeString" time="0.018" classname="com.helospark.SparkTemplatingPlugin.integration.completition.ContentAssistTest"/>
  <testcase name="testSuccesfulContentAssistAtEndOfUserTypeString" time="0.012" classname="com.helospark.SparkTemplatingPlugin.integration.completition.ContentAssistTest"/>
  <testcase name="testSuccesfulContentAssistAtEndOfUserTypeString" time="0.012" classname="com.helospark.SparkTemplatingPlugin.integration.completition.ContentAssistTest"/>
  <testcase name="testFailedContentAssistAtEndOfUserTypeStringShouldNotShowGivenSuggestion" time="0.004" classname="com.helospark.SparkTemplatingPlugin.integration.completition.ContentAssistTest"/>
  <testcase name="testSuccesfulContentAssistAtEndOfUserTypeString" time="0.008" classname="com.helospark.SparkTemplatingPlugin.integration.completition.ContentAssistTest"/>
  <testcase name="testSuccesfulContentAssistAtEndOfUserTypeString" time="0.006" classname="com.helospark.SparkTemplatingPlugin.integration.completition.ContentAssistTest"/>
  <testcase name="testFailedContentAssistAtEndOfUserTypeStringShouldNotShowGivenSuggestion" time="0.008" classname="com.helospark.SparkTemplatingPlugin.integration.completition.ContentAssistTest"/>
  <testcase name="testFailedContentAssistAtEndOfUserTypeStringShouldNotShowGivenSuggestion" time="0.031" classname="com.helospark.SparkTemplatingPlugin.integration.completition.ContentAssistTest"/>
  <testcase name="testSuccesfulContentAssistAtEndOfUserTypeString" time="0.039" classname="com.helospark.SparkTemplatingPlugin.integration.completition.ContentAssistTest"/>
  <testcase name="testSuccesfulContentAssistAtEndOfUserTypeString" time="0.006" classname="com.helospark.SparkTemplatingPlugin.integration.completition.ContentAssistTest"/>
  <testcase name="testSuccesfulContentAssistAtEndOfUserTypeString" time="0.032" classname="com.helospark.SparkTemplatingPlugin.integration.completition.ContentAssistTest"/>
  <testcase name="testSuccesfulContentAssistAtEndOfUserTypeString" time="0.011" classname="com.helospark.SparkTemplatingPlugin.integration.completition.ContentAssistTest"/>
  <testcase name="testSuccesfulContentAssistAtEndOfUserTypeString" time="0.004" classname="com.helospark.SparkTemplatingPlugin.integration.completition.ContentAssistTest"/>
  <testcase name="testFailedContentAssistAtEndOfUserTypeStringShouldNotShowGivenSuggestion" time="0.060" classname="com.helospark.SparkTemplatingPlugin.integration.completition.ContentAssistTest"/>
  <testcase name="testFailedContentAssistAtEndOfUserTypeStringShouldNotShowGivenSuggestion" time="2.011" classname="com.helospark.SparkTemplatingPlugin.integration.completition.ContentAssistTest"/>
  <testcase name="testSuccesfulContentAssistAtEndOfUserTypeString" time="0.009" classname="com.helospark.SparkTemplatingPlugin.integration.completition.ContentAssistTest"/>
</testsuite> <!-- com.helospark.SparkTemplatingPlugin.integration.completition.ContentAssistTest -->
