<?xml version="1.0" encoding="UTF-8"?>
<!-- Generated by org.testng.reporters.JUnitReportReporter -->
<testsuite skipped="0" hostname="black-computer" name="com.helospark.SparkTemplatingPlugin.integration.completition.ContentAssistIT" tests="26" failures="0" timestamp="29 Mar 2017 19:22:20 GMT" time="8.503" errors="0">
  <testcase name="testSuccesfulContentAssistAtEndOfUserTypeString" time="0.008" classname="com.helospark.SparkTemplatingPlugin.integration.completition.ContentAssistIT"/>
  <testcase name="testFailedContentAssistAtEndOfUserTypeStringShouldNotShowGivenSuggestion" time="0.005" classname="com.helospark.SparkTemplatingPlugin.integration.completition.ContentAssistIT"/>
  <testcase name="testSuccesfulContentAssistAtEndOfUserTypeString" time="0.003" classname="com.helospark.SparkTemplatingPlugin.integration.completition.ContentAssistIT"/>
  <testcase name="testSuccesfulContentAssistAtEndOfUserTypeString" time="0.004" classname="com.helospark.SparkTemplatingPlugin.integration.completition.ContentAssistIT"/>
  <testcase name="testSuccesfulContentAssistAtEndOfUserTypeString" time="0.003" classname="com.helospark.SparkTemplatingPlugin.integration.completition.ContentAssistIT"/>
  <testcase name="testSuccesfulContentAssistAtEndOfUserTypeString" time="0.014" classname="com.helospark.SparkTemplatingPlugin.integration.completition.ContentAssistIT"/>
  <testcase name="testFailedContentAssistAtEndOfUserTypeStringShouldNotShowGivenSuggestion" time="0.005" classname="com.helospark.SparkTemplatingPlugin.integration.completition.ContentAssistIT"/>
  <testcase name="testSuccesfulContentAssistAtEndOfUserTypeString" time="0.004" classname="com.helospark.SparkTemplatingPlugin.integration.completition.ContentAssistIT"/>
  <testcase name="testSuccesfulContentAssistAtEndOfUserTypeString" time="0.034" classname="com.helospark.SparkTemplatingPlugin.integration.completition.ContentAssistIT"/>
  <testcase name="testSuccesfulContentAssistAtEndOfUserTypeString" time="0.004" classname="com.helospark.SparkTemplatingPlugin.integration.completition.ContentAssistIT"/>
  <testcase name="testSuccesfulContentAssistAtEndOfUserTypeString" time="0.004" classname="com.helospark.SparkTemplatingPlugin.integration.completition.ContentAssistIT"/>
  <testcase name="testSuccesfulContentAssistAtEndOfUserTypeString" time="0.004" classname="com.helospark.SparkTemplatingPlugin.integration.completition.ContentAssistIT"/>
  <testcase name="testFailedContentAssistAtEndOfUserTypeStringShouldNotShowGivenSuggestion" time="8.240" classname="com.helospark.SparkTemplatingPlugin.integration.completition.ContentAssistIT"/>
  <testcase name="testFailedContentAssistAtEndOfUserTypeStringShouldNotShowGivenSuggestion" time="0.008" classname="com.helospark.SparkTemplatingPlugin.integration.completition.ContentAssistIT"/>
  <testcase name="testSuccesfulContentAssistAtEndOfUserTypeString" time="0.011" classname="com.helospark.SparkTemplatingPlugin.integration.completition.ContentAssistIT"/>
  <testcase name="testSuccesfulContentAssistAtEndOfUserTypeString" time="0.006" classname="com.helospark.SparkTemplatingPlugin.integration.completition.ContentAssistIT"/>
  <testcase name="testSuccesfulContentAssistAtEndOfUserTypeString" time="0.004" classname="com.helospark.SparkTemplatingPlugin.integration.completition.ContentAssistIT"/>
  <testcase name="testSuccesfulContentAssistAtEndOfUserTypeString" time="0.023" classname="com.helospark.SparkTemplatingPlugin.integration.completition.ContentAssistIT"/>
  <testcase name="testFailedContentAssistAtEndOfUserTypeStringShouldNotShowGivenSuggestion" time="0.055" classname="com.helospark.SparkTemplatingPlugin.integration.completition.ContentAssistIT"/>
  <testcase name="testSuccesfulContentAssistAtEndOfUserTypeString" time="0.006" classname="com.helospark.SparkTemplatingPlugin.integration.completition.ContentAssistIT"/>
  <testcase name="testFailedContentAssistAtEndOfUserTypeStringShouldNotShowGivenSuggestion" time="0.004" classname="com.helospark.SparkTemplatingPlugin.integration.completition.ContentAssistIT"/>
  <testcase name="testSuccesfulContentAssistAtEndOfUserTypeString" time="0.009" classname="com.helospark.SparkTemplatingPlugin.integration.completition.ContentAssistIT"/>
  <testcase name="testSuccesfulContentAssistAtEndOfUserTypeString" time="0.005" classname="com.helospark.SparkTemplatingPlugin.integration.completition.ContentAssistIT"/>
  <testcase name="testFailedContentAssistAtEndOfUserTypeStringShouldNotShowGivenSuggestion" time="0.031" classname="com.helospark.SparkTemplatingPlugin.integration.completition.ContentAssistIT"/>
  <testcase name="testSuccesfulContentAssistAtEndOfUserTypeString" time="0.005" classname="com.helospark.SparkTemplatingPlugin.integration.completition.ContentAssistIT"/>
  <testcase name="testFailedContentAssistAtEndOfUserTypeStringShouldNotShowGivenSuggestion" time="0.004" classname="com.helospark.SparkTemplatingPlugin.integration.completition.ContentAssistIT"/>
</testsuite> <!-- com.helospark.SparkTemplatingPlugin.integration.completition.ContentAssistIT -->
