<?xml version="1.0" encoding="UTF-8"?>
<!-- Generated by org.testng.reporters.JUnitReportReporter -->
<testsuite skipped="0" hostname="helospark.com" name="com.helospark.SparkTemplatingPlugin.integration.execution.SimpleInlineProgramExecutionIT" tests="12" failures="0" timestamp="04 Mar 2017 15:06:10 GMT" time="0.978" errors="0">
  <testcase name="testSimpleStringProgramWithExpectedResult" time="0.068" classname="com.helospark.SparkTemplatingPlugin.integration.execution.SimpleInlineProgramExecutionIT"/>
  <testcase name="testSimpleStringProgramWithExpectedResult" time="0.054" classname="com.helospark.SparkTemplatingPlugin.integration.execution.SimpleInlineProgramExecutionIT"/>
  <testcase name="testSimpleStringProgramWithExpectedResult" time="0.075" classname="com.helospark.SparkTemplatingPlugin.integration.execution.SimpleInlineProgramExecutionIT"/>
  <testcase name="testSimpleStringProgramWithExpectedResult" time="0.126" classname="com.helospark.SparkTemplatingPlugin.integration.execution.SimpleInlineProgramExecutionIT"/>
  <testcase name="testSimpleStringProgramWithExpectedResult" time="0.052" classname="com.helospark.SparkTemplatingPlugin.integration.execution.SimpleInlineProgramExecutionIT"/>
  <testcase name="testSimpleStringProgramWithExpectedResult" time="0.035" classname="com.helospark.SparkTemplatingPlugin.integration.execution.SimpleInlineProgramExecutionIT"/>
  <testcase name="testSimpleStringProgramWithExpectedResult" time="0.312" classname="com.helospark.SparkTemplatingPlugin.integration.execution.SimpleInlineProgramExecutionIT"/>
  <testcase name="testSimpleStringProgramWithExpectedResult" time="0.037" classname="com.helospark.SparkTemplatingPlugin.integration.execution.SimpleInlineProgramExecutionIT"/>
  <testcase name="testSimpleStringProgramWithExpectedResult" time="0.053" classname="com.helospark.SparkTemplatingPlugin.integration.execution.SimpleInlineProgramExecutionIT"/>
  <testcase name="testSimpleStringProgramWithExpectedResult" time="0.047" classname="com.helospark.SparkTemplatingPlugin.integration.execution.SimpleInlineProgramExecutionIT"/>
  <testcase name="testSimpleStringProgramWithExpectedResult" time="0.079" classname="com.helospark.SparkTemplatingPlugin.integration.execution.SimpleInlineProgramExecutionIT"/>
  <testcase name="testSimpleStringProgramWithExpectedResult" time="0.040" classname="com.helospark.SparkTemplatingPlugin.integration.execution.SimpleInlineProgramExecutionIT"/>
</testsuite> <!-- com.helospark.SparkTemplatingPlugin.integration.execution.SimpleInlineProgramExecutionIT -->
