<?xml version="1.0" encoding="UTF-8"?>
<!-- Generated by org.testng.reporters.JUnitReportReporter -->
<testsuite skipped="0" hostname="black-computer" name="com.helospark.SparkTemplatingPlugin.integration.exportimport.ExportImportIT" tests="1" failures="0" timestamp="29 Mar 2017 19:22:20 GMT" time="0.528" errors="0">
  <testcase name="testExportThenImportShouldLoadSameDataAsExported" time="0.528" classname="com.helospark.SparkTemplatingPlugin.integration.exportimport.ExportImportIT"/>
</testsuite> <!-- com.helospark.SparkTemplatingPlugin.integration.exportimport.ExportImportIT -->
