<?xml version="1.0" encoding="UTF-8"?>
<!-- Generated by org.testng.reporters.JUnitReportReporter -->
<testsuite skipped="0" hostname="black-computer" name="com.helospark.sparktemplatingplugin.ui.editor.completition.chain.sourceprocessor.RegexMatchingLocalVariableExtractorTest" tests="5" failures="0" timestamp="29 Mar 2017 19:22:20 GMT" time="0.046" errors="0">
  <testcase name="testSimple" time="0.011" classname="com.helospark.sparktemplatingplugin.ui.editor.completition.chain.sourceprocessor.RegexMatchingLocalVariableExtractorTest"/>
  <testcase name="testSimple" time="0.005" classname="com.helospark.sparktemplatingplugin.ui.editor.completition.chain.sourceprocessor.RegexMatchingLocalVariableExtractorTest"/>
  <testcase name="testSimple" time="0.004" classname="com.helospark.sparktemplatingplugin.ui.editor.completition.chain.sourceprocessor.RegexMatchingLocalVariableExtractorTest"/>
  <testcase name="testSimple" time="0.006" classname="com.helospark.sparktemplatingplugin.ui.editor.completition.chain.sourceprocessor.RegexMatchingLocalVariableExtractorTest"/>
  <testcase name="testSimple" time="0.020" classname="com.helospark.sparktemplatingplugin.ui.editor.completition.chain.sourceprocessor.RegexMatchingLocalVariableExtractorTest"/>
</testsuite> <!-- com.helospark.sparktemplatingplugin.ui.editor.completition.chain.sourceprocessor.RegexMatchingLocalVariableExtractorTest -->
