<?xml version="1.0" encoding="UTF-8"?>
<!-- Generated by org.testng.reporters.JUnitReportReporter -->
<testsuite skipped="0" hostname="black-computer" name="com.helospark.SparkTemplatingPlugin.integration.examplescript.ExampleScriptInitializationIT" tests="9" failures="0" timestamp="29 Mar 2017 19:22:20 GMT" time="0.275" errors="0">
  <testcase name="testInitializeShouldCreateScriptWithUniqueNameWhenScriptWasModifiedAndScriptAlreadyExistWithOriginalCommandName" time="0.010" classname="com.helospark.SparkTemplatingPlugin.integration.examplescript.ExampleScriptInitializationIT"/>
  <testcase name="testInitializeShouldNotThrowAnyExceptionIfInternallyExceptionOccurres" time="0.038" classname="com.helospark.SparkTemplatingPlugin.integration.examplescript.ExampleScriptInitializationIT"/>
  <testcase name="testInitializeShouldNotCallScriptRepositoryWhenUserHasLatestVersion" time="0.010" classname="com.helospark.SparkTemplatingPlugin.integration.examplescript.ExampleScriptInitializationIT"/>
  <testcase name="testInitializeShouldNowThrowException" time="0.139" classname="com.helospark.SparkTemplatingPlugin.integration.examplescript.ExampleScriptInitializationIT"/>
  <testcase name="testInitializeShouldCreateScriptIfDidNotExistEarlier" time="0.017" classname="com.helospark.SparkTemplatingPlugin.integration.examplescript.ExampleScriptInitializationIT"/>
  <testcase name="testInitializeShouldUpdateEarlierRevisionWhenItWasNotModifiedByUser" time="0.028" classname="com.helospark.SparkTemplatingPlugin.integration.examplescript.ExampleScriptInitializationIT"/>
  <testcase name="testInitializeShouldNotCreateScriptIfAlreadyCreatedInCurrentVersion" time="0.014" classname="com.helospark.SparkTemplatingPlugin.integration.examplescript.ExampleScriptInitializationIT"/>
  <testcase name="testInitializeShouldUpdateScriptWhenUserHasEarlierNotModifiedRevision" time="0.007" classname="com.helospark.SparkTemplatingPlugin.integration.examplescript.ExampleScriptInitializationIT"/>
  <testcase name="testInitializeShouldCreateScriptWithOriginalNameWhenScriptWasModifiedAndScriptDoesNotExistWithOriginalCommandName" time="0.012" classname="com.helospark.SparkTemplatingPlugin.integration.examplescript.ExampleScriptInitializationIT"/>
</testsuite> <!-- com.helospark.SparkTemplatingPlugin.integration.examplescript.ExampleScriptInitializationIT -->
